Build started 16-Aug-17 2:43:52 PM.
     1>Project "D:\Dina\Dina's C++ programs\memory_management\memory_management\memory_management.vcxproj" on node 2 (build target(s)).
     1>InitializeBuildStatus:
         Creating "Debug\memory_management.unsuccessfulbuild" because "AlwaysCreate" was specified.
       ClCompile:
         c:\Program Files (x86)\Microsoft Visual Studio 10.0\VC\bin\CL.exe /c /ZI /nologo /W3 /WX- /Od /Oy- /D WIN32 /D _DEBUG /D _CONSOLE /D _UNICODE /D UNICODE /Gm /EHsc /RTC1 /MDd /GS /fp:precise /Zc:wchar_t /Zc:forScope /Fo"Debug\\" /Fd"Debug\vc100.pdb" /Gd /TP /analyze- /errorReport:prompt "..\..\..\Dina's C++ programs\memory_management\memory_management\m_m.cpp"
         m_m.cpp
     1>d:\dina\dina's c++ programs\memory_management\memory_management\m_m.cpp(76): warning C4101: 'lim' : unreferenced local variable
     1>d:\dina\dina's c++ programs\memory_management\memory_management\m_m.cpp(77): warning C4101: 'add' : unreferenced local variable
     1>d:\dina\dina's c++ programs\memory_management\memory_management\m_m.cpp(131): warning C4101: 'lim' : unreferenced local variable
     1>d:\dina\dina's c++ programs\memory_management\memory_management\m_m.cpp(132): warning C4101: 'add' : unreferenced local variable
     1>d:\dina\dina's c++ programs\memory_management\memory_management\m_m.cpp(190): warning C4101: 'lim' : unreferenced local variable
     1>d:\dina\dina's c++ programs\memory_management\memory_management\m_m.cpp(191): warning C4101: 'add' : unreferenced local variable
       ManifestResourceCompile:
         C:\Program Files (x86)\Microsoft SDKs\Windows\v7.0A\bin\rc.exe /nologo /fo"Debug\memory_management.exe.embed.manifest.res" Debug\memory_management_manifest.rc 
       Link:
         c:\Program Files (x86)\Microsoft Visual Studio 10.0\VC\bin\link.exe /ERRORREPORT:PROMPT /OUT:"D:\Dina\Dina's C++ programs\memory_management\Debug\memory_management.exe" /INCREMENTAL /NOLOGO kernel32.lib user32.lib gdi32.lib winspool.lib comdlg32.lib advapi32.lib shell32.lib ole32.lib oleaut32.lib uuid.lib odbc32.lib odbccp32.lib /MANIFEST /ManifestFile:"Debug\memory_management.exe.intermediate.manifest" /MANIFESTUAC:"level='asInvoker' uiAccess='false'" /DEBUG /PDB:"D:\Dina\Dina's C++ programs\memory_management\Debug\memory_management.pdb" /SUBSYSTEM:CONSOLE /TLBID:1 /DYNAMICBASE /NXCOMPAT /IMPLIB:"D:\Dina\Dina's C++ programs\memory_management\Debug\memory_management.lib" /MACHINE:X86 Debug\memory_management.exe.embed.manifest.res
         Debug\m_m.obj
       Manifest:
         Deleting file "Debug\memory_management.exe.embed.manifest".
         C:\Program Files (x86)\Microsoft SDKs\Windows\v7.0A\bin\mt.exe /nologo /verbose /out:"Debug\memory_management.exe.embed.manifest" /manifest Debug\memory_management.exe.intermediate.manifest
         C:\Program Files (x86)\Microsoft SDKs\Windows\v7.0A\bin\rc.exe /nologo /fo"Debug\memory_management.exe.embed.manifest.res" Debug\memory_management_manifest.rc 
       LinkEmbedManifest:
         c:\Program Files (x86)\Microsoft Visual Studio 10.0\VC\bin\link.exe /ERRORREPORT:PROMPT /OUT:"D:\Dina\Dina's C++ programs\memory_management\Debug\memory_management.exe" /INCREMENTAL /NOLOGO kernel32.lib user32.lib gdi32.lib winspool.lib comdlg32.lib advapi32.lib shell32.lib ole32.lib oleaut32.lib uuid.lib odbc32.lib odbccp32.lib /MANIFEST /ManifestFile:"Debug\memory_management.exe.intermediate.manifest" /MANIFESTUAC:"level='asInvoker' uiAccess='false'" /DEBUG /PDB:"D:\Dina\Dina's C++ programs\memory_management\Debug\memory_management.pdb" /SUBSYSTEM:CONSOLE /TLBID:1 /DYNAMICBASE /NXCOMPAT /IMPLIB:"D:\Dina\Dina's C++ programs\memory_management\Debug\memory_management.lib" /MACHINE:X86 Debug\memory_management.exe.embed.manifest.res
         Debug\m_m.obj
         memory_management.vcxproj -> D:\Dina\Dina's C++ programs\memory_management\Debug\memory_management.exe
       FinalizeBuildStatus:
         Deleting file "Debug\memory_management.unsuccessfulbuild".
         Touching "Debug\memory_management.lastbuildstate".
     1>Done Building Project "D:\Dina\Dina's C++ programs\memory_management\memory_management\memory_management.vcxproj" (build target(s)).

Build succeeded.

Time Elapsed 00:00:03.28
